# Logfile created on 2014-11-30 21:32:11 +0100 by logger.rb/41954
I, [2014-11-30T21:32:11.332313 #39754]  INFO -- : 0:  hitimes (1.2.2) from /usr/local/rvm/gems/ruby-2.0.0-p353@sudoku/specifications/hitimes-1.2.2.gemspec
I, [2014-11-30T21:32:12.381389 #39754]  INFO -- : 0:  timers (4.0.1) from /usr/local/rvm/gems/ruby-2.0.0-p353@sudoku/specifications/timers-4.0.1.gemspec
I, [2014-11-30T21:32:13.662545 #39754]  INFO -- : 0:  celluloid (0.16.0) from /usr/local/rvm/gems/ruby-2.0.0-p353@sudoku/specifications/celluloid-0.16.0.gemspec
I, [2014-11-30T21:32:13.788036 #39754]  INFO -- : 0:  coderay (1.1.0) from /usr/local/rvm/gems/ruby-2.0.0-p353@sudoku/specifications/coderay-1.1.0.gemspec
I, [2014-11-30T21:32:13.848986 #39754]  INFO -- : 0:  diff-lcs (1.2.5) from /usr/local/rvm/gems/ruby-2.0.0-p353@sudoku/specifications/diff-lcs-1.2.5.gemspec
I, [2014-11-30T21:32:18.883444 #39754]  INFO -- : 0:  ffi (1.9.6) from /usr/local/rvm/gems/ruby-2.0.0-p353@sudoku/specifications/ffi-1.9.6.gemspec
I, [2014-11-30T21:32:19.962463 #39754]  INFO -- : 0:  formatador (0.2.5) from /usr/local/rvm/gems/ruby-2.0.0-p353@sudoku/specifications/formatador-0.2.5.gemspec
I, [2014-11-30T21:32:21.194526 #39754]  INFO -- : 0:  rb-fsevent (0.9.4) from /usr/local/rvm/gems/ruby-2.0.0-p353@sudoku/specifications/rb-fsevent-0.9.4.gemspec
I, [2014-11-30T21:32:22.295997 #39754]  INFO -- : 0:  rb-inotify (0.9.5) from /usr/local/rvm/gems/ruby-2.0.0-p353@sudoku/specifications/rb-inotify-0.9.5.gemspec
I, [2014-11-30T21:32:23.446532 #39754]  INFO -- : 0:  listen (2.8.3) from /usr/local/rvm/gems/ruby-2.0.0-p353@sudoku/specifications/listen-2.8.3.gemspec
I, [2014-11-30T21:32:24.485924 #39754]  INFO -- : 0:  lumberjack (1.0.9) from /usr/local/rvm/gems/ruby-2.0.0-p353@sudoku/specifications/lumberjack-1.0.9.gemspec
I, [2014-11-30T21:32:24.521148 #39754]  INFO -- : 0:  method_source (0.8.2) from /usr/local/rvm/gems/ruby-2.0.0-p353@sudoku/specifications/method_source-0.8.2.gemspec
I, [2014-11-30T21:32:24.565620 #39754]  INFO -- : 0:  slop (3.6.0) from /usr/local/rvm/gems/ruby-2.0.0-p353@sudoku/specifications/slop-3.6.0.gemspec
I, [2014-11-30T21:32:25.875653 #39754]  INFO -- : 0:  pry (0.10.1) from /usr/local/rvm/gems/ruby-2.0.0-p353@sudoku/specifications/pry-0.10.1.gemspec
I, [2014-11-30T21:32:26.009785 #39754]  INFO -- : 0:  thor (0.19.1) from /usr/local/rvm/gems/ruby-2.0.0-p353@sudoku/specifications/thor-0.19.1.gemspec
I, [2014-11-30T21:32:27.441783 #39754]  INFO -- : 0:  guard (2.10.0) from /usr/local/rvm/gems/ruby-2.0.0-p353@sudoku/specifications/guard-2.10.0.gemspec
I, [2014-11-30T21:32:27.546479 #39754]  INFO -- : 0:  rspec-support (3.1.2) from /usr/local/rvm/gems/ruby-2.0.0-p353@sudoku/specifications/rspec-support-3.1.2.gemspec
I, [2014-11-30T21:32:27.650366 #39754]  INFO -- : 0:  rspec-core (3.1.7) from /usr/local/rvm/gems/ruby-2.0.0-p353@sudoku/specifications/rspec-core-3.1.7.gemspec
I, [2014-11-30T21:32:27.747557 #39754]  INFO -- : 0:  rspec-expectations (3.1.2) from /usr/local/rvm/gems/ruby-2.0.0-p353@sudoku/specifications/rspec-expectations-3.1.2.gemspec
I, [2014-11-30T21:32:27.801585 #39754]  INFO -- : 0:  rspec-mocks (3.1.3) from /usr/local/rvm/gems/ruby-2.0.0-p353@sudoku/specifications/rspec-mocks-3.1.3.gemspec
I, [2014-11-30T21:32:27.831024 #39754]  INFO -- : 0:  rspec (3.1.0) from /usr/local/rvm/gems/ruby-2.0.0-p353@sudoku/specifications/rspec-3.1.0.gemspec
I, [2014-11-30T21:32:30.038118 #39754]  INFO -- : 0:  guard-rspec (4.3.1) from /usr/local/rvm/gems/ruby-2.0.0-p353@sudoku/specifications/guard-rspec-4.3.1.gemspec
I, [2014-11-30T21:32:31.095988 #39754]  INFO -- : 0:  rspec-its (1.1.0) from /usr/local/rvm/gems/ruby-2.0.0-p353@sudoku/specifications/rspec-its-1.1.0.gemspec
I, [2014-11-30T21:32:32.093978 #39754]  INFO -- : 0:  ruby_gntp (0.3.4) from /usr/local/rvm/gems/ruby-2.0.0-p353@sudoku/specifications/ruby_gntp-0.3.4.gemspec
I, [2014-11-30T21:32:32.094395 #39754]  INFO -- : 0:  bundler (1.5.1) from /usr/local/rvm/gems/ruby-2.0.0-p353@global/specifications/bundler-1.5.1.gemspec
I, [2014-12-01T18:30:50.251927 #42185]  INFO -- : 0:  hitimes (1.2.2) from /usr/local/rvm/gems/ruby-2.0.0-p353@sudoku/specifications/hitimes-1.2.2.gemspec
I, [2014-12-01T18:30:50.300831 #42185]  INFO -- : 0:  timers (4.0.1) from /usr/local/rvm/gems/ruby-2.0.0-p353@sudoku/specifications/timers-4.0.1.gemspec
I, [2014-12-01T18:30:50.301128 #42185]  INFO -- : 0:  celluloid (0.16.0) from /usr/local/rvm/gems/ruby-2.0.0-p353@sudoku/specifications/celluloid-0.16.0.gemspec
I, [2014-12-01T18:30:50.301414 #42185]  INFO -- : 0:  coderay (1.1.0) from /usr/local/rvm/gems/ruby-2.0.0-p353@sudoku/specifications/coderay-1.1.0.gemspec
I, [2014-12-01T18:30:50.301684 #42185]  INFO -- : 0:  diff-lcs (1.2.5) from /usr/local/rvm/gems/ruby-2.0.0-p353@sudoku/specifications/diff-lcs-1.2.5.gemspec
I, [2014-12-01T18:30:50.301946 #42185]  INFO -- : 0:  ffi (1.9.6) from /usr/local/rvm/gems/ruby-2.0.0-p353@sudoku/specifications/ffi-1.9.6.gemspec
I, [2014-12-01T18:30:50.302205 #42185]  INFO -- : 0:  formatador (0.2.5) from /usr/local/rvm/gems/ruby-2.0.0-p353@sudoku/specifications/formatador-0.2.5.gemspec
I, [2014-12-01T18:30:50.302467 #42185]  INFO -- : 0:  rb-fsevent (0.9.4) from /usr/local/rvm/gems/ruby-2.0.0-p353@sudoku/specifications/rb-fsevent-0.9.4.gemspec
I, [2014-12-01T18:30:50.302728 #42185]  INFO -- : 0:  rb-inotify (0.9.5) from /usr/local/rvm/gems/ruby-2.0.0-p353@sudoku/specifications/rb-inotify-0.9.5.gemspec
I, [2014-12-01T18:30:50.302987 #42185]  INFO -- : 0:  listen (2.8.3) from /usr/local/rvm/gems/ruby-2.0.0-p353@sudoku/specifications/listen-2.8.3.gemspec
I, [2014-12-01T18:30:50.303267 #42185]  INFO -- : 0:  lumberjack (1.0.9) from /usr/local/rvm/gems/ruby-2.0.0-p353@sudoku/specifications/lumberjack-1.0.9.gemspec
I, [2014-12-01T18:30:50.303557 #42185]  INFO -- : 0:  method_source (0.8.2) from /usr/local/rvm/gems/ruby-2.0.0-p353@sudoku/specifications/method_source-0.8.2.gemspec
I, [2014-12-01T18:30:50.303829 #42185]  INFO -- : 0:  slop (3.6.0) from /usr/local/rvm/gems/ruby-2.0.0-p353@sudoku/specifications/slop-3.6.0.gemspec
I, [2014-12-01T18:30:50.304091 #42185]  INFO -- : 0:  pry (0.10.1) from /usr/local/rvm/gems/ruby-2.0.0-p353@sudoku/specifications/pry-0.10.1.gemspec
I, [2014-12-01T18:30:50.304358 #42185]  INFO -- : 0:  thor (0.19.1) from /usr/local/rvm/gems/ruby-2.0.0-p353@sudoku/specifications/thor-0.19.1.gemspec
I, [2014-12-01T18:30:50.304645 #42185]  INFO -- : 0:  guard (2.10.0) from /usr/local/rvm/gems/ruby-2.0.0-p353@sudoku/specifications/guard-2.10.0.gemspec
I, [2014-12-01T18:30:50.311231 #42185]  INFO -- : 0:  rspec-support (3.1.2) from /usr/local/rvm/gems/ruby-2.0.0-p353@sudoku/specifications/rspec-support-3.1.2.gemspec
I, [2014-12-01T18:30:50.311585 #42185]  INFO -- : 0:  rspec-core (3.1.7) from /usr/local/rvm/gems/ruby-2.0.0-p353@sudoku/specifications/rspec-core-3.1.7.gemspec
I, [2014-12-01T18:30:50.311836 #42185]  INFO -- : 0:  rspec-expectations (3.1.2) from /usr/local/rvm/gems/ruby-2.0.0-p353@sudoku/specifications/rspec-expectations-3.1.2.gemspec
I, [2014-12-01T18:30:50.312089 #42185]  INFO -- : 0:  rspec-mocks (3.1.3) from /usr/local/rvm/gems/ruby-2.0.0-p353@sudoku/specifications/rspec-mocks-3.1.3.gemspec
I, [2014-12-01T18:30:50.312344 #42185]  INFO -- : 0:  rspec (3.1.0) from /usr/local/rvm/gems/ruby-2.0.0-p353@sudoku/specifications/rspec-3.1.0.gemspec
I, [2014-12-01T18:30:50.312600 #42185]  INFO -- : 0:  guard-rspec (4.3.1) from /usr/local/rvm/gems/ruby-2.0.0-p353@sudoku/specifications/guard-rspec-4.3.1.gemspec
I, [2014-12-01T18:30:50.312854 #42185]  INFO -- : 0:  rspec-its (1.1.0) from /usr/local/rvm/gems/ruby-2.0.0-p353@sudoku/specifications/rspec-its-1.1.0.gemspec
I, [2014-12-01T18:30:50.313102 #42185]  INFO -- : 0:  ruby_gntp (0.3.4) from /usr/local/rvm/gems/ruby-2.0.0-p353@sudoku/specifications/ruby_gntp-0.3.4.gemspec
I, [2014-12-01T18:30:50.313328 #42185]  INFO -- : 0:  bundler (1.5.1) from /usr/local/rvm/gems/ruby-2.0.0-p353@global/specifications/bundler-1.5.1.gemspec
